<?xml version="1.0" encoding="UTF-8"?>
<!-- Generated by org.testng.reporters.JUnitReportReporter -->
<testsuite hostname="Home-pc" failures="0" tests="2" name="com.mAadhar.testing.LoginServiceTest" time="8.636" errors="0" timestamp="2023-08-03T15:10:02 IST" skipped="0">
  <testcase classname="com.mAadhar.testing.LoginServiceTest" name="signInTest" time="6.319"/>
  <system-out/>
  <testcase classname="com.mAadhar.testing.LoginServiceTest" name="signUpTest" time="2.317"/>
  <system-out/>
</testsuite> <!-- com.mAadhar.testing.LoginServiceTest -->
