<?xml version="1.0" encoding="UTF-8"?>
<!-- Generated by org.testng.reporters.JUnitReportReporter -->
<testsuite hostname="Home-pc" failures="0" tests="6" name="com.mAadhar.testing.RequestServiceTest" time="4.518" errors="0" timestamp="2023-08-03T15:10:02 IST" skipped="0">
  <testcase classname="com.mAadhar.testing.RequestServiceTest" name="denyRequestTest" time="0.538"/>
  <system-out/>
  <testcase classname="com.mAadhar.testing.RequestServiceTest" name="storeRequestTest" time="0.475"/>
  <system-out/>
  <testcase classname="com.mAadhar.testing.RequestServiceTest" name="getAllRequestsTest" time="0.362"/>
  <system-out/>
  <testcase classname="com.mAadhar.testing.RequestServiceTest" name="approveRequestTest" time="2.389"/>
  <system-out/>
  <testcase classname="com.mAadhar.testing.RequestServiceTest" name="viewmyAdharTest" time="0.362"/>
  <system-out/>
  <testcase classname="com.mAadhar.testing.RequestServiceTest" name="updateAdharTest" time="0.392"/>
  <system-out/>
</testsuite> <!-- com.mAadhar.testing.RequestServiceTest -->
