<?xml version="1.0" encoding="UTF-8"?>
<!-- Generated by org.testng.reporters.JUnitReportReporter -->
<testsuite hostname="Home-pc" failures="0" tests="1" name="com.ecommerce.test.RegistrationOracle" time="49.164" errors="0" timestamp="2023-07-21T18:57:17 IST" skipped="0">
  <testcase classname="com.ecommerce.test.RegistrationOracle" name="Oracle" time="49.164"/>
</testsuite> <!-- com.ecommerce.test.RegistrationOracle -->
