<?xml version="1.0" encoding="UTF-8"?>
<!-- Generated by org.testng.reporters.JUnitReportReporter -->
<testsuite hostname="Home-pc" failures="0" tests="1" name="com.ecommerce.test.LoginFacebook" time="34.048" errors="0" timestamp="2023-07-21T17:33:33 IST" skipped="0">
  <testcase classname="com.ecommerce.test.LoginFacebook" name="Login" time="34.048"/>
</testsuite> <!-- com.ecommerce.test.LoginFacebook -->
