<?xml version="1.0" encoding="UTF-8"?>
<!-- Generated by org.testng.reporters.JUnitReportReporter -->
<testsuite hostname="Home-pc" failures="0" tests="1" name="com.ecommerce.test.AddCartAmazon" time="94.730" errors="0" timestamp="2023-07-21T18:51:26 IST" skipped="0">
  <testcase classname="com.ecommerce.test.AddCartAmazon" name="AddCart" time="94.730"/>
</testsuite> <!-- com.ecommerce.test.AddCartAmazon -->
