<?xml version="1.0" encoding="UTF-8"?>
<!-- Generated by org.testng.reporters.JUnitReportReporter -->
<testsuite hostname="Home-pc" failures="0" tests="1" name="com.example.demo.Image_Load" time="9.828" errors="0" timestamp="2023-08-01T14:25:21 IST" skipped="0">
  <testcase classname="com.example.demo.Image_Load" name="test1" time="9.828">
    <system-out>
      <![CDATA[Image is not present before scrolling
Image is present after scrolling]]>
    </system-out>
  </testcase> <!-- test1 -->
  <system-out>
    <![CDATA[Different browsers and screen resolutions render it in the same way.
Different browsers and screen resolutions render it in the same way.
Total Content Load Time while Scrolling: 324 milliseconds
Image is not present before scrolling
Image is present after scrolling
Images are loaded and visible till the screen height only
Navigates to the bottom of the page
Flipkart url matched!!
Flipkart title matched!!
Navigated to Flipkart!!
Page load time exceeded the limit
Product searched successfully
Scrollbar is present.]]>
  </system-out>
</testsuite> <!-- com.example.demo.Image_Load -->
